  Os1.cpp
C:\Users\10510\source\repos\Os1\Os1\Os1.cpp(1,1): warning C4828: 文件包含在偏移 0x21b 处开始的字符，该字符在当前源字符集中无效(代码页 65001)。
C:\Users\10510\source\repos\Os1\Os1\Os1.cpp(1,1): warning C4828: 文件包含在偏移 0x21c 处开始的字符，该字符在当前源字符集中无效(代码页 65001)。
C:\Users\10510\source\repos\Os1\Os1\Os1.cpp(1,1): warning C4828: 文件包含在偏移 0x21d 处开始的字符，该字符在当前源字符集中无效(代码页 65001)。
C:\Users\10510\source\repos\Os1\Os1\Os1.cpp(1,1): warning C4828: 文件包含在偏移 0x21e 处开始的字符，该字符在当前源字符集中无效(代码页 65001)。
C:\Users\10510\source\repos\Os1\Os1\Os1.cpp(1,1): warning C4828: 文件包含在偏移 0x21f 处开始的字符，该字符在当前源字符集中无效(代码页 65001)。
C:\Users\10510\source\repos\Os1\Os1\Os1.cpp(1,1): warning C4828: 文件包含在偏移 0x220 处开始的字符，该字符在当前源字符集中无效(代码页 65001)。
C:\Users\10510\source\repos\Os1\Os1\Os1.cpp(1,1): warning C4828: 文件包含在偏移 0x221 处开始的字符，该字符在当前源字符集中无效(代码页 65001)。
C:\Users\10510\source\repos\Os1\Os1\Os1.cpp(1,1): warning C4828: 文件包含在偏移 0x225 处开始的字符，该字符在当前源字符集中无效(代码页 65001)。
C:\Users\10510\source\repos\Os1\Os1\Os1.cpp(1,1): warning C4828: 文件包含在偏移 0x2e5 处开始的字符，该字符在当前源字符集中无效(代码页 65001)。
C:\Users\10510\source\repos\Os1\Os1\Os1.cpp(1,1): warning C4828: 文件包含在偏移 0x2e6 处开始的字符，该字符在当前源字符集中无效(代码页 65001)。
C:\Users\10510\source\repos\Os1\Os1\Os1.cpp(1,1): warning C4828: 文件包含在偏移 0x2e7 处开始的字符，该字符在当前源字符集中无效(代码页 65001)。
C:\Users\10510\source\repos\Os1\Os1\Os1.cpp(1,1): warning C4828: 文件包含在偏移 0x2e9 处开始的字符，该字符在当前源字符集中无效(代码页 65001)。
C:\Users\10510\source\repos\Os1\Os1\Os1.cpp(1,1): warning C4828: 文件包含在偏移 0x2ea 处开始的字符，该字符在当前源字符集中无效(代码页 65001)。
C:\Users\10510\source\repos\Os1\Os1\Os1.cpp(1,1): warning C4828: 文件包含在偏移 0x2eb 处开始的字符，该字符在当前源字符集中无效(代码页 65001)。
C:\Users\10510\source\repos\Os1\Os1\Os1.cpp(1,1): warning C4828: 文件包含在偏移 0x2ec 处开始的字符，该字符在当前源字符集中无效(代码页 65001)。
C:\Users\10510\source\repos\Os1\Os1\Os1.cpp(1,1): warning C4828: 文件包含在偏移 0x2f0 处开始的字符，该字符在当前源字符集中无效(代码页 65001)。
C:\Users\10510\source\repos\Os1\Os1\Os1.cpp(1,1): warning C4828: 文件包含在偏移 0x2f1 处开始的字符，该字符在当前源字符集中无效(代码页 65001)。
C:\Users\10510\source\repos\Os1\Os1\Os1.cpp(1,1): warning C4828: 文件包含在偏移 0x2f2 处开始的字符，该字符在当前源字符集中无效(代码页 65001)。
C:\Users\10510\source\repos\Os1\Os1\Os1.cpp(1,1): warning C4828: 文件包含在偏移 0x2f3 处开始的字符，该字符在当前源字符集中无效(代码页 65001)。
C:\Users\10510\source\repos\Os1\Os1\Os1.cpp(1,1): warning C4828: 文件包含在偏移 0x2f4 处开始的字符，该字符在当前源字符集中无效(代码页 65001)。
C:\Users\10510\source\repos\Os1\Os1\Os1.cpp(1,1): warning C4828: 文件包含在偏移 0x2f5 处开始的字符，该字符在当前源字符集中无效(代码页 65001)。
C:\Users\10510\source\repos\Os1\Os1\Os1.cpp(1,1): warning C4828: 文件包含在偏移 0x2f6 处开始的字符，该字符在当前源字符集中无效(代码页 65001)。
C:\Users\10510\source\repos\Os1\Os1\Os1.cpp(1,1): warning C4828: 文件包含在偏移 0x72d 处开始的字符，该字符在当前源字符集中无效(代码页 65001)。
C:\Users\10510\source\repos\Os1\Os1\Os1.cpp(1,1): warning C4828: 文件包含在偏移 0x72e 处开始的字符，该字符在当前源字符集中无效(代码页 65001)。
C:\Users\10510\source\repos\Os1\Os1\Os1.cpp(1,1): warning C4828: 文件包含在偏移 0x730 处开始的字符，该字符在当前源字符集中无效(代码页 65001)。
C:\Users\10510\source\repos\Os1\Os1\Os1.cpp(1,1): warning C4828: 文件包含在偏移 0x731 处开始的字符，该字符在当前源字符集中无效(代码页 65001)。
C:\Users\10510\source\repos\Os1\Os1\Os1.cpp(1,1): warning C4828: 文件包含在偏移 0x732 处开始的字符，该字符在当前源字符集中无效(代码页 65001)。
C:\Users\10510\source\repos\Os1\Os1\Os1.cpp(1,1): warning C4828: 文件包含在偏移 0x733 处开始的字符，该字符在当前源字符集中无效(代码页 65001)。
C:\Users\10510\source\repos\Os1\Os1\Os1.cpp(1,1): warning C4828: 文件包含在偏移 0x734 处开始的字符，该字符在当前源字符集中无效(代码页 65001)。
C:\Users\10510\source\repos\Os1\Os1\Os1.cpp(1,1): warning C4828: 文件包含在偏移 0x8d4 处开始的字符，该字符在当前源字符集中无效(代码页 65001)。
C:\Users\10510\source\repos\Os1\Os1\Os1.cpp(1,1): warning C4828: 文件包含在偏移 0x8d7 处开始的字符，该字符在当前源字符集中无效(代码页 65001)。
C:\Users\10510\source\repos\Os1\Os1\Os1.cpp(1,1): warning C4828: 文件包含在偏移 0x8db 处开始的字符，该字符在当前源字符集中无效(代码页 65001)。
C:\Users\10510\source\repos\Os1\Os1\Os1.cpp(1,1): warning C4828: 文件包含在偏移 0xb93 处开始的字符，该字符在当前源字符集中无效(代码页 65001)。
C:\Users\10510\source\repos\Os1\Os1\Os1.cpp(1,1): warning C4828: 文件包含在偏移 0xb95 处开始的字符，该字符在当前源字符集中无效(代码页 65001)。
C:\Users\10510\source\repos\Os1\Os1\Os1.cpp(1,1): warning C4828: 文件包含在偏移 0xb96 处开始的字符，该字符在当前源字符集中无效(代码页 65001)。
C:\Users\10510\source\repos\Os1\Os1\Os1.cpp(1,1): warning C4828: 文件包含在偏移 0xb99 处开始的字符，该字符在当前源字符集中无效(代码页 65001)。
C:\Users\10510\source\repos\Os1\Os1\Os1.cpp(1,1): warning C4828: 文件包含在偏移 0xb9b 处开始的字符，该字符在当前源字符集中无效(代码页 65001)。
C:\Users\10510\source\repos\Os1\Os1\Os1.cpp(1,1): warning C4828: 文件包含在偏移 0xc89 处开始的字符，该字符在当前源字符集中无效(代码页 65001)。
C:\Users\10510\source\repos\Os1\Os1\Os1.cpp(1,1): warning C4828: 文件包含在偏移 0xc8c 处开始的字符，该字符在当前源字符集中无效(代码页 65001)。
C:\Users\10510\source\repos\Os1\Os1\Os1.cpp(1,1): warning C4828: 文件包含在偏移 0xc8f 处开始的字符，该字符在当前源字符集中无效(代码页 65001)。
C:\Users\10510\source\repos\Os1\Os1\Os1.cpp(1,1): warning C4828: 文件包含在偏移 0xc90 处开始的字符，该字符在当前源字符集中无效(代码页 65001)。
C:\Users\10510\source\repos\Os1\Os1\Os1.cpp(1,1): warning C4828: 文件包含在偏移 0xc92 处开始的字符，该字符在当前源字符集中无效(代码页 65001)。
C:\Users\10510\source\repos\Os1\Os1\Os1.cpp(1,1): warning C4828: 文件包含在偏移 0xc93 处开始的字符，该字符在当前源字符集中无效(代码页 65001)。
C:\Users\10510\source\repos\Os1\Os1\Os1.cpp(1,1): warning C4828: 文件包含在偏移 0xc95 处开始的字符，该字符在当前源字符集中无效(代码页 65001)。
C:\Users\10510\source\repos\Os1\Os1\Os1.cpp(1,1): warning C4828: 文件包含在偏移 0xc96 处开始的字符，该字符在当前源字符集中无效(代码页 65001)。
C:\Users\10510\source\repos\Os1\Os1\Os1.cpp(1,1): warning C4828: 文件包含在偏移 0xc97 处开始的字符，该字符在当前源字符集中无效(代码页 65001)。
C:\Users\10510\source\repos\Os1\Os1\Os1.cpp(1,1): warning C4828: 文件包含在偏移 0xc98 处开始的字符，该字符在当前源字符集中无效(代码页 65001)。
C:\Users\10510\source\repos\Os1\Os1\Os1.cpp(1,1): warning C4828: 文件包含在偏移 0xc9a 处开始的字符，该字符在当前源字符集中无效(代码页 65001)。
C:\Users\10510\source\repos\Os1\Os1\Os1.cpp(1,1): warning C4828: 文件包含在偏移 0xc9c 处开始的字符，该字符在当前源字符集中无效(代码页 65001)。
C:\Users\10510\source\repos\Os1\Os1\Os1.cpp(1,1): warning C4828: 文件包含在偏移 0xc9f 处开始的字符，该字符在当前源字符集中无效(代码页 65001)。
C:\Users\10510\source\repos\Os1\Os1\Os1.cpp(1,1): warning C4828: 文件包含在偏移 0xca2 处开始的字符，该字符在当前源字符集中无效(代码页 65001)。
C:\Users\10510\source\repos\Os1\Os1\Os1.cpp(1,1): warning C4828: 文件包含在偏移 0xca3 处开始的字符，该字符在当前源字符集中无效(代码页 65001)。
C:\Users\10510\source\repos\Os1\Os1\Os1.cpp(1,1): warning C4828: 文件包含在偏移 0xca5 处开始的字符，该字符在当前源字符集中无效(代码页 65001)。
C:\Users\10510\source\repos\Os1\Os1\Os1.cpp(1,1): warning C4828: 文件包含在偏移 0xca7 处开始的字符，该字符在当前源字符集中无效(代码页 65001)。
C:\Users\10510\source\repos\Os1\Os1\Os1.cpp(1,1): warning C4828: 文件包含在偏移 0xca9 处开始的字符，该字符在当前源字符集中无效(代码页 65001)。
C:\Users\10510\source\repos\Os1\Os1\Os1.cpp(1,1): warning C4828: 文件包含在偏移 0xcaa 处开始的字符，该字符在当前源字符集中无效(代码页 65001)。
C:\Users\10510\source\repos\Os1\Os1\Os1.cpp(1,1): warning C4828: 文件包含在偏移 0xcb0 处开始的字符，该字符在当前源字符集中无效(代码页 65001)。
C:\Users\10510\source\repos\Os1\Os1\Os1.cpp(1,1): warning C4828: 文件包含在偏移 0xcb1 处开始的字符，该字符在当前源字符集中无效(代码页 65001)。
C:\Users\10510\source\repos\Os1\Os1\Os1.cpp(1,1): warning C4828: 文件包含在偏移 0xcb5 处开始的字符，该字符在当前源字符集中无效(代码页 65001)。
C:\Users\10510\source\repos\Os1\Os1\Os1.cpp(1,1): warning C4828: 文件包含在偏移 0xd70 处开始的字符，该字符在当前源字符集中无效(代码页 65001)。
C:\Users\10510\source\repos\Os1\Os1\Os1.cpp(1,1): warning C4828: 文件包含在偏移 0xd74 处开始的字符，该字符在当前源字符集中无效(代码页 65001)。
C:\Users\10510\source\repos\Os1\Os1\Os1.cpp(1,1): warning C4828: 文件包含在偏移 0xd75 处开始的字符，该字符在当前源字符集中无效(代码页 65001)。
C:\Users\10510\source\repos\Os1\Os1\Os1.cpp(1,1): warning C4828: 文件包含在偏移 0xd79 处开始的字符，该字符在当前源字符集中无效(代码页 65001)。
C:\Users\10510\source\repos\Os1\Os1\Os1.cpp(1,1): warning C4828: 文件包含在偏移 0xd7c 处开始的字符，该字符在当前源字符集中无效(代码页 65001)。
C:\Users\10510\source\repos\Os1\Os1\Os1.cpp(1,1): warning C4828: 文件包含在偏移 0xd7d 处开始的字符，该字符在当前源字符集中无效(代码页 65001)。
C:\Users\10510\source\repos\Os1\Os1\Os1.cpp(1,1): warning C4828: 文件包含在偏移 0xd80 处开始的字符，该字符在当前源字符集中无效(代码页 65001)。
C:\Users\10510\source\repos\Os1\Os1\Os1.cpp(1,1): warning C4828: 文件包含在偏移 0xd81 处开始的字符，该字符在当前源字符集中无效(代码页 65001)。
C:\Users\10510\source\repos\Os1\Os1\Os1.cpp(1,1): warning C4828: 文件包含在偏移 0xdb3 处开始的字符，该字符在当前源字符集中无效(代码页 65001)。
C:\Users\10510\source\repos\Os1\Os1\Os1.cpp(1,1): warning C4828: 文件包含在偏移 0xdb4 处开始的字符，该字符在当前源字符集中无效(代码页 65001)。
C:\Users\10510\source\repos\Os1\Os1\Os1.cpp(1,1): warning C4828: 文件包含在偏移 0xdb5 处开始的字符，该字符在当前源字符集中无效(代码页 65001)。
C:\Users\10510\source\repos\Os1\Os1\Os1.cpp(1,1): warning C4828: 文件包含在偏移 0xdb6 处开始的字符，该字符在当前源字符集中无效(代码页 65001)。
C:\Users\10510\source\repos\Os1\Os1\Os1.cpp(1,1): warning C4828: 文件包含在偏移 0xdbb 处开始的字符，该字符在当前源字符集中无效(代码页 65001)。
C:\Users\10510\source\repos\Os1\Os1\Os1.cpp(1,1): warning C4828: 文件包含在偏移 0xdbc 处开始的字符，该字符在当前源字符集中无效(代码页 65001)。
C:\Users\10510\source\repos\Os1\Os1\Os1.cpp(1,1): warning C4828: 文件包含在偏移 0xdbf 处开始的字符，该字符在当前源字符集中无效(代码页 65001)。
C:\Users\10510\source\repos\Os1\Os1\Os1.cpp(1,1): warning C4828: 文件包含在偏移 0xdc1 处开始的字符，该字符在当前源字符集中无效(代码页 65001)。
C:\Users\10510\source\repos\Os1\Os1\Os1.cpp(1,1): warning C4828: 文件包含在偏移 0xeb6 处开始的字符，该字符在当前源字符集中无效(代码页 65001)。
C:\Users\10510\source\repos\Os1\Os1\Os1.cpp(1,1): warning C4828: 文件包含在偏移 0xeb7 处开始的字符，该字符在当前源字符集中无效(代码页 65001)。
C:\Users\10510\source\repos\Os1\Os1\Os1.cpp(1,1): warning C4828: 文件包含在偏移 0xebb 处开始的字符，该字符在当前源字符集中无效(代码页 65001)。
C:\Users\10510\source\repos\Os1\Os1\Os1.cpp(1,1): warning C4828: 文件包含在偏移 0xebf 处开始的字符，该字符在当前源字符集中无效(代码页 65001)。
C:\Users\10510\source\repos\Os1\Os1\Os1.cpp(1,1): warning C4828: 文件包含在偏移 0xec2 处开始的字符，该字符在当前源字符集中无效(代码页 65001)。
C:\Users\10510\source\repos\Os1\Os1\Os1.cpp(1,1): warning C4828: 文件包含在偏移 0xec3 处开始的字符，该字符在当前源字符集中无效(代码页 65001)。
C:\Users\10510\source\repos\Os1\Os1\Os1.cpp(1,1): warning C4828: 文件包含在偏移 0x105e 处开始的字符，该字符在当前源字符集中无效(代码页 65001)。
C:\Users\10510\source\repos\Os1\Os1\Os1.cpp(1,1): warning C4828: 文件包含在偏移 0x105f 处开始的字符，该字符在当前源字符集中无效(代码页 65001)。
C:\Users\10510\source\repos\Os1\Os1\Os1.cpp(1,1): warning C4828: 文件包含在偏移 0x1062 处开始的字符，该字符在当前源字符集中无效(代码页 65001)。
C:\Users\10510\source\repos\Os1\Os1\Os1.cpp(1,1): warning C4828: 文件包含在偏移 0x1064 处开始的字符，该字符在当前源字符集中无效(代码页 65001)。
C:\Users\10510\source\repos\Os1\Os1\Os1.cpp(1,1): warning C4828: 文件包含在偏移 0x1066 处开始的字符，该字符在当前源字符集中无效(代码页 65001)。
C:\Users\10510\source\repos\Os1\Os1\Os1.cpp(1,1): warning C4828: 文件包含在偏移 0x1068 处开始的字符，该字符在当前源字符集中无效(代码页 65001)。
C:\Users\10510\source\repos\Os1\Os1\Os1.cpp(1,1): warning C4828: 文件包含在偏移 0x1069 处开始的字符，该字符在当前源字符集中无效(代码页 65001)。
C:\Users\10510\source\repos\Os1\Os1\Os1.cpp(1,1): warning C4828: 文件包含在偏移 0x106a 处开始的字符，该字符在当前源字符集中无效(代码页 65001)。
C:\Users\10510\source\repos\Os1\Os1\Os1.cpp(1,1): warning C4828: 文件包含在偏移 0x106b 处开始的字符，该字符在当前源字符集中无效(代码页 65001)。
C:\Users\10510\source\repos\Os1\Os1\Os1.cpp(1,1): warning C4828: 文件包含在偏移 0x106c 处开始的字符，该字符在当前源字符集中无效(代码页 65001)。
C:\Users\10510\source\repos\Os1\Os1\Os1.cpp(1,1): warning C4828: 文件包含在偏移 0x106e 处开始的字符，该字符在当前源字符集中无效(代码页 65001)。
C:\Users\10510\source\repos\Os1\Os1\Os1.cpp(1,1): warning C4828: 文件包含在偏移 0x106f 处开始的字符，该字符在当前源字符集中无效(代码页 65001)。
C:\Users\10510\source\repos\Os1\Os1\Os1.cpp(1,1): warning C4828: 文件包含在偏移 0x1072 处开始的字符，该字符在当前源字符集中无效(代码页 65001)。
C:\Users\10510\source\repos\Os1\Os1\Os1.cpp(1,1): warning C4828: 文件包含在偏移 0x1073 处开始的字符，该字符在当前源字符集中无效(代码页 65001)。
C:\Users\10510\source\repos\Os1\Os1\Os1.cpp(1,1): warning C4828: 文件包含在偏移 0x1075 处开始的字符，该字符在当前源字符集中无效(代码页 65001)。
C:\Users\10510\source\repos\Os1\Os1\Os1.h(1,1): warning C4828: 文件包含在偏移 0xf6 处开始的字符，该字符在当前源字符集中无效(代码页 65001)。
  (编译源文件“Os1.cpp”)
  
C:\Users\10510\source\repos\Os1\Os1\Os1.h(1,1): warning C4828: 文件包含在偏移 0xf7 处开始的字符，该字符在当前源字符集中无效(代码页 65001)。
  (编译源文件“Os1.cpp”)
  
C:\Users\10510\source\repos\Os1\Os1\Os1.h(1,1): warning C4828: 文件包含在偏移 0xfa 处开始的字符，该字符在当前源字符集中无效(代码页 65001)。
  (编译源文件“Os1.cpp”)
  
C:\Users\10510\source\repos\Os1\Os1\Os1.h(1,1): warning C4828: 文件包含在偏移 0xfc 处开始的字符，该字符在当前源字符集中无效(代码页 65001)。
  (编译源文件“Os1.cpp”)
  
C:\Users\10510\source\repos\Os1\Os1\Os1.h(1,1): warning C4828: 文件包含在偏移 0xfd 处开始的字符，该字符在当前源字符集中无效(代码页 65001)。
  (编译源文件“Os1.cpp”)
  
C:\Users\10510\source\repos\Os1\Os1\Os1.h(1,1): warning C4828: 文件包含在偏移 0x1ea 处开始的字符，该字符在当前源字符集中无效(代码页 65001)。
  (编译源文件“Os1.cpp”)
  
C:\Users\10510\source\repos\Os1\Os1\Os1.h(1,1): warning C4828: 文件包含在偏移 0x1ec 处开始的字符，该字符在当前源字符集中无效(代码页 65001)。
  (编译源文件“Os1.cpp”)
  
C:\Users\10510\source\repos\Os1\Os1\Os1.h(1,1): warning C4828: 文件包含在偏移 0x1ed 处开始的字符，该字符在当前源字符集中无效(代码页 65001)。
  (编译源文件“Os1.cpp”)
  
C:\Users\10510\source\repos\Os1\Os1\Os1.h(1,1): warning C4828: 文件包含在偏移 0x1f0 处开始的字符，该字符在当前源字符集中无效(代码页 65001)。
  (编译源文件“Os1.cpp”)
  
C:\Users\10510\source\repos\Os1\Os1\Os1.h(1,1): warning C4828: 文件包含在偏移 0x1f2 处开始的字符，该字符在当前源字符集中无效(代码页 65001)。
  (编译源文件“Os1.cpp”)
  
C:\Users\10510\source\repos\Os1\Os1\Os1.h(1,1): warning C4828: 文件包含在偏移 0x1f5 处开始的字符，该字符在当前源字符集中无效(代码页 65001)。
  (编译源文件“Os1.cpp”)
  
C:\Users\10510\source\repos\Os1\Os1\Os1.h(1,1): warning C4828: 文件包含在偏移 0x1f7 处开始的字符，该字符在当前源字符集中无效(代码页 65001)。
  (编译源文件“Os1.cpp”)
  
C:\Users\10510\source\repos\Os1\Os1\Os1.h(1,1): warning C4828: 文件包含在偏移 0x1f8 处开始的字符，该字符在当前源字符集中无效(代码页 65001)。
  (编译源文件“Os1.cpp”)
  
C:\Users\10510\source\repos\Os1\Os1\Os1.h(1,1): warning C4828: 文件包含在偏移 0x1f9 处开始的字符，该字符在当前源字符集中无效(代码页 65001)。
  (编译源文件“Os1.cpp”)
  
C:\Users\10510\source\repos\Os1\Os1\Os1.h(1,1): warning C4828: 文件包含在偏移 0x1fc 处开始的字符，该字符在当前源字符集中无效(代码页 65001)。
  (编译源文件“Os1.cpp”)
  
C:\Users\10510\source\repos\Os1\Os1\Os1.h(1,1): warning C4828: 文件包含在偏移 0x1fd 处开始的字符，该字符在当前源字符集中无效(代码页 65001)。
  (编译源文件“Os1.cpp”)
  
C:\Users\10510\source\repos\Os1\Os1\Os1.h(1,1): warning C4828: 文件包含在偏移 0x1fe 处开始的字符，该字符在当前源字符集中无效(代码页 65001)。
  (编译源文件“Os1.cpp”)
  
C:\Users\10510\source\repos\Os1\Os1\Os1.h(1,1): warning C4828: 文件包含在偏移 0x200 处开始的字符，该字符在当前源字符集中无效(代码页 65001)。
  (编译源文件“Os1.cpp”)
  
C:\Users\10510\source\repos\Os1\Os1\Os1.h(1,1): warning C4828: 文件包含在偏移 0x201 处开始的字符，该字符在当前源字符集中无效(代码页 65001)。
  (编译源文件“Os1.cpp”)
  
C:\Users\10510\source\repos\Os1\Os1\Os1.h(1,1): warning C4828: 文件包含在偏移 0x205 处开始的字符，该字符在当前源字符集中无效(代码页 65001)。
  (编译源文件“Os1.cpp”)
  
C:\Users\10510\source\repos\Os1\Os1\Os1.h(1,1): warning C4828: 文件包含在偏移 0x2a4 处开始的字符，该字符在当前源字符集中无效(代码页 65001)。
  (编译源文件“Os1.cpp”)
  
C:\Users\10510\source\repos\Os1\Os1\Os1.h(1,1): warning C4828: 文件包含在偏移 0x2a5 处开始的字符，该字符在当前源字符集中无效(代码页 65001)。
  (编译源文件“Os1.cpp”)
  
C:\Users\10510\source\repos\Os1\Os1\Os1.h(1,1): warning C4828: 文件包含在偏移 0x2a7 处开始的字符，该字符在当前源字符集中无效(代码页 65001)。
  (编译源文件“Os1.cpp”)
  
C:\Users\10510\source\repos\Os1\Os1\Os1.h(1,1): warning C4828: 文件包含在偏移 0x2a8 处开始的字符，该字符在当前源字符集中无效(代码页 65001)。
  (编译源文件“Os1.cpp”)
  
C:\Users\10510\source\repos\Os1\Os1\Os1.h(1,1): warning C4828: 文件包含在偏移 0x2c5 处开始的字符，该字符在当前源字符集中无效(代码页 65001)。
  (编译源文件“Os1.cpp”)
  
C:\Users\10510\source\repos\Os1\Os1\Os1.h(1,1): warning C4828: 文件包含在偏移 0x2c6 处开始的字符，该字符在当前源字符集中无效(代码页 65001)。
  (编译源文件“Os1.cpp”)
  
C:\Users\10510\source\repos\Os1\Os1\Os1.h(1,1): warning C4828: 文件包含在偏移 0x2c9 处开始的字符，该字符在当前源字符集中无效(代码页 65001)。
  (编译源文件“Os1.cpp”)
  
C:\Users\10510\source\repos\Os1\Os1\Os1.h(1,1): warning C4828: 文件包含在偏移 0x2cb 处开始的字符，该字符在当前源字符集中无效(代码页 65001)。
  (编译源文件“Os1.cpp”)
  
C:\Users\10510\source\repos\Os1\Os1\Os1.h(1,1): warning C4828: 文件包含在偏移 0x2cc 处开始的字符，该字符在当前源字符集中无效(代码页 65001)。
  (编译源文件“Os1.cpp”)
  
C:\Users\10510\source\repos\Os1\Os1\Os1.h(1,1): warning C4828: 文件包含在偏移 0x2ce 处开始的字符，该字符在当前源字符集中无效(代码页 65001)。
  (编译源文件“Os1.cpp”)
  
C:\Users\10510\source\repos\Os1\Os1\Os1.h(1,1): warning C4828: 文件包含在偏移 0x2ed 处开始的字符，该字符在当前源字符集中无效(代码页 65001)。
  (编译源文件“Os1.cpp”)
  
C:\Users\10510\source\repos\Os1\Os1\Os1.h(1,1): warning C4828: 文件包含在偏移 0x2ee 处开始的字符，该字符在当前源字符集中无效(代码页 65001)。
  (编译源文件“Os1.cpp”)
  
C:\Users\10510\source\repos\Os1\Os1\Os1.h(1,1): warning C4828: 文件包含在偏移 0x306 处开始的字符，该字符在当前源字符集中无效(代码页 65001)。
  (编译源文件“Os1.cpp”)
  
C:\Users\10510\source\repos\Os1\Os1\Os1.h(1,1): warning C4828: 文件包含在偏移 0x307 处开始的字符，该字符在当前源字符集中无效(代码页 65001)。
  (编译源文件“Os1.cpp”)
  
C:\Users\10510\source\repos\Os1\Os1\Os1.h(1,1): warning C4828: 文件包含在偏移 0x330 处开始的字符，该字符在当前源字符集中无效(代码页 65001)。
  (编译源文件“Os1.cpp”)
  
C:\Users\10510\source\repos\Os1\Os1\Os1.h(1,1): warning C4828: 文件包含在偏移 0x331 处开始的字符，该字符在当前源字符集中无效(代码页 65001)。
  (编译源文件“Os1.cpp”)
  
C:\Users\10510\source\repos\Os1\Os1\Os1.h(1,1): warning C4828: 文件包含在偏移 0x334 处开始的字符，该字符在当前源字符集中无效(代码页 65001)。
  (编译源文件“Os1.cpp”)
  
C:\Users\10510\source\repos\Os1\Os1\Os1.h(1,1): warning C4828: 文件包含在偏移 0x336 处开始的字符，该字符在当前源字符集中无效(代码页 65001)。
  (编译源文件“Os1.cpp”)
  
C:\Users\10510\source\repos\Os1\Os1\Os1.h(1,1): warning C4828: 文件包含在偏移 0x337 处开始的字符，该字符在当前源字符集中无效(代码页 65001)。
  (编译源文件“Os1.cpp”)
  
C:\Users\10510\source\repos\Os1\Os1\Os1.h(1,1): warning C4828: 文件包含在偏移 0x33b 处开始的字符，该字符在当前源字符集中无效(代码页 65001)。
  (编译源文件“Os1.cpp”)
  
C:\Users\10510\source\repos\Os1\Os1\Os1.h(1,1): warning C4828: 文件包含在偏移 0x35a 处开始的字符，该字符在当前源字符集中无效(代码页 65001)。
  (编译源文件“Os1.cpp”)
  
C:\Users\10510\source\repos\Os1\Os1\Os1.h(1,1): warning C4828: 文件包含在偏移 0x35b 处开始的字符，该字符在当前源字符集中无效(代码页 65001)。
  (编译源文件“Os1.cpp”)
  
C:\Users\10510\source\repos\Os1\Os1\Os1.h(1,1): warning C4828: 文件包含在偏移 0x35e 处开始的字符，该字符在当前源字符集中无效(代码页 65001)。
  (编译源文件“Os1.cpp”)
  
C:\Users\10510\source\repos\Os1\Os1\Os1.h(1,1): warning C4828: 文件包含在偏移 0x360 处开始的字符，该字符在当前源字符集中无效(代码页 65001)。
  (编译源文件“Os1.cpp”)
  
C:\Users\10510\source\repos\Os1\Os1\Os1.h(1,1): warning C4828: 文件包含在偏移 0x361 处开始的字符，该字符在当前源字符集中无效(代码页 65001)。
  (编译源文件“Os1.cpp”)
  
C:\Users\10510\source\repos\Os1\Os1\Os1.h(1,1): warning C4828: 文件包含在偏移 0x365 处开始的字符，该字符在当前源字符集中无效(代码页 65001)。
  (编译源文件“Os1.cpp”)
  
C:\Users\10510\source\repos\Os1\Os1\Os1.h(1,1): warning C4828: 文件包含在偏移 0x367 处开始的字符，该字符在当前源字符集中无效(代码页 65001)。
  (编译源文件“Os1.cpp”)
  
C:\Users\10510\source\repos\Os1\Os1\Os1.h(1,1): warning C4828: 文件包含在偏移 0x369 处开始的字符，该字符在当前源字符集中无效(代码页 65001)。
  (编译源文件“Os1.cpp”)
  
C:\Users\10510\source\repos\Os1\Os1\Os1.h(1,1): warning C4828: 文件包含在偏移 0x36d 处开始的字符，该字符在当前源字符集中无效(代码页 65001)。
  (编译源文件“Os1.cpp”)
  
C:\Users\10510\source\repos\Os1\Os1\Os1.h(1,1): warning C4828: 文件包含在偏移 0x36e 处开始的字符，该字符在当前源字符集中无效(代码页 65001)。
  (编译源文件“Os1.cpp”)
  
C:\Users\10510\source\repos\Os1\Os1\Os1.h(1,1): warning C4828: 文件包含在偏移 0x36f 处开始的字符，该字符在当前源字符集中无效(代码页 65001)。
  (编译源文件“Os1.cpp”)
  
C:\Users\10510\source\repos\Os1\Os1\Os1.h(1,1): warning C4828: 文件包含在偏移 0x372 处开始的字符，该字符在当前源字符集中无效(代码页 65001)。
  (编译源文件“Os1.cpp”)
  
C:\Users\10510\source\repos\Os1\Os1\Os1.h(1,1): warning C4828: 文件包含在偏移 0x373 处开始的字符，该字符在当前源字符集中无效(代码页 65001)。
  (编译源文件“Os1.cpp”)
  
C:\Users\10510\source\repos\Os1\Os1\Os1.h(1,1): warning C4828: 文件包含在偏移 0x374 处开始的字符，该字符在当前源字符集中无效(代码页 65001)。
  (编译源文件“Os1.cpp”)
  
C:\Users\10510\source\repos\Os1\Os1\Os1.h(1,1): warning C4828: 文件包含在偏移 0x375 处开始的字符，该字符在当前源字符集中无效(代码页 65001)。
  (编译源文件“Os1.cpp”)
  
C:\Users\10510\source\repos\Os1\Os1\Os1.h(1,1): warning C4828: 文件包含在偏移 0x378 处开始的字符，该字符在当前源字符集中无效(代码页 65001)。
  (编译源文件“Os1.cpp”)
  
C:\Users\10510\source\repos\Os1\Os1\Os1.h(1,1): warning C4828: 文件包含在偏移 0x379 处开始的字符，该字符在当前源字符集中无效(代码页 65001)。
  (编译源文件“Os1.cpp”)
  
C:\Users\10510\source\repos\Os1\Os1\Os1.h(1,1): warning C4828: 文件包含在偏移 0x397 处开始的字符，该字符在当前源字符集中无效(代码页 65001)。
  (编译源文件“Os1.cpp”)
  
C:\Users\10510\source\repos\Os1\Os1\Os1.h(1,1): warning C4828: 文件包含在偏移 0x398 处开始的字符，该字符在当前源字符集中无效(代码页 65001)。
  (编译源文件“Os1.cpp”)
  
C:\Users\10510\source\repos\Os1\Os1\Os1.h(1,1): warning C4828: 文件包含在偏移 0x39b 处开始的字符，该字符在当前源字符集中无效(代码页 65001)。
  (编译源文件“Os1.cpp”)
  
C:\Users\10510\source\repos\Os1\Os1\Os1.h(1,1): warning C4828: 文件包含在偏移 0x39c 处开始的字符，该字符在当前源字符集中无效(代码页 65001)。
  (编译源文件“Os1.cpp”)
  
C:\Users\10510\source\repos\Os1\Os1\Os1.h(1,1): warning C4828: 文件包含在偏移 0x3a1 处开始的字符，该字符在当前源字符集中无效(代码页 65001)。
  (编译源文件“Os1.cpp”)
  
C:\Users\10510\source\repos\Os1\Os1\Os1.h(1,1): warning C4828: 文件包含在偏移 0x3a2 处开始的字符，该字符在当前源字符集中无效(代码页 65001)。
  (编译源文件“Os1.cpp”)
  
C:\Users\10510\source\repos\Os1\Os1\Os1.h(1,1): warning C4828: 文件包含在偏移 0x3c7 处开始的字符，该字符在当前源字符集中无效(代码页 65001)。
  (编译源文件“Os1.cpp”)
  
C:\Users\10510\source\repos\Os1\Os1\Os1.h(1,1): warning C4828: 文件包含在偏移 0x3c8 处开始的字符，该字符在当前源字符集中无效(代码页 65001)。
  (编译源文件“Os1.cpp”)
  
C:\Users\10510\source\repos\Os1\Os1\Os1.h(1,1): warning C4828: 文件包含在偏移 0x3cb 处开始的字符，该字符在当前源字符集中无效(代码页 65001)。
  (编译源文件“Os1.cpp”)
  
C:\Users\10510\source\repos\Os1\Os1\Os1.h(1,1): warning C4828: 文件包含在偏移 0x3cc 处开始的字符，该字符在当前源字符集中无效(代码页 65001)。
  (编译源文件“Os1.cpp”)
  
C:\Users\10510\source\repos\Os1\Os1\Os1.h(1,1): warning C4828: 文件包含在偏移 0x3d1 处开始的字符，该字符在当前源字符集中无效(代码页 65001)。
  (编译源文件“Os1.cpp”)
  
C:\Users\10510\source\repos\Os1\Os1\Os1.h(1,1): warning C4828: 文件包含在偏移 0x3d3 处开始的字符，该字符在当前源字符集中无效(代码页 65001)。
  (编译源文件“Os1.cpp”)
  
C:\Users\10510\source\repos\Os1\Os1\Os1.h(1,1): warning C4828: 文件包含在偏移 0x3d4 处开始的字符，该字符在当前源字符集中无效(代码页 65001)。
  (编译源文件“Os1.cpp”)
  
C:\Users\10510\source\repos\Os1\Os1\Os1.h(1,1): warning C4828: 文件包含在偏移 0x3d6 处开始的字符，该字符在当前源字符集中无效(代码页 65001)。
  (编译源文件“Os1.cpp”)
  
C:\Users\10510\source\repos\Os1\Os1\Os1.h(1,1): warning C4828: 文件包含在偏移 0x3d9 处开始的字符，该字符在当前源字符集中无效(代码页 65001)。
  (编译源文件“Os1.cpp”)
  
C:\Users\10510\source\repos\Os1\Os1\Os1.h(1,1): warning C4828: 文件包含在偏移 0x3da 处开始的字符，该字符在当前源字符集中无效(代码页 65001)。
  (编译源文件“Os1.cpp”)
  
C:\Users\10510\source\repos\Os1\Os1\Os1.h(1,1): warning C4828: 文件包含在偏移 0x3dc 处开始的字符，该字符在当前源字符集中无效(代码页 65001)。
  (编译源文件“Os1.cpp”)
  
C:\Users\10510\source\repos\Os1\Os1\Os1.h(1,1): warning C4828: 文件包含在偏移 0x3de 处开始的字符，该字符在当前源字符集中无效(代码页 65001)。
  (编译源文件“Os1.cpp”)
  
C:\Users\10510\source\repos\Os1\Os1\Os1.h(1,1): warning C4828: 文件包含在偏移 0x3e2 处开始的字符，该字符在当前源字符集中无效(代码页 65001)。
  (编译源文件“Os1.cpp”)
  
C:\Users\10510\source\repos\Os1\Os1\Os1.h(1,1): warning C4828: 文件包含在偏移 0x40a 处开始的字符，该字符在当前源字符集中无效(代码页 65001)。
  (编译源文件“Os1.cpp”)
  
C:\Users\10510\source\repos\Os1\Os1\Os1.h(1,1): warning C4828: 文件包含在偏移 0x40c 处开始的字符，该字符在当前源字符集中无效(代码页 65001)。
  (编译源文件“Os1.cpp”)
  
C:\Users\10510\source\repos\Os1\Os1\Os1.h(1,1): warning C4828: 文件包含在偏移 0x40d 处开始的字符，该字符在当前源字符集中无效(代码页 65001)。
  (编译源文件“Os1.cpp”)
  
C:\Users\10510\source\repos\Os1\Os1\Os1.h(1,1): warning C4828: 文件包含在偏移 0x410 处开始的字符，该字符在当前源字符集中无效(代码页 65001)。
  (编译源文件“Os1.cpp”)
  
C:\Users\10510\source\repos\Os1\Os1\Os1.h(1,1): warning C4828: 文件包含在偏移 0x412 处开始的字符，该字符在当前源字符集中无效(代码页 65001)。
  (编译源文件“Os1.cpp”)
  
C:\Users\10510\source\repos\Os1\Os1\Os1.h(1,1): warning C4828: 文件包含在偏移 0x414 处开始的字符，该字符在当前源字符集中无效(代码页 65001)。
  (编译源文件“Os1.cpp”)
  
C:\Users\10510\source\repos\Os1\Os1\Os1.h(1,1): warning C4828: 文件包含在偏移 0x415 处开始的字符，该字符在当前源字符集中无效(代码页 65001)。
  (编译源文件“Os1.cpp”)
  
C:\Users\10510\source\repos\Os1\Os1\Os1.h(1,1): warning C4828: 文件包含在偏移 0x416 处开始的字符，该字符在当前源字符集中无效(代码页 65001)。
  (编译源文件“Os1.cpp”)
  
C:\Users\10510\source\repos\Os1\Os1\Os1.h(1,1): warning C4828: 文件包含在偏移 0x418 处开始的字符，该字符在当前源字符集中无效(代码页 65001)。
  (编译源文件“Os1.cpp”)
  
C:\Users\10510\source\repos\Os1\Os1\Os1.h(1,1): warning C4828: 文件包含在偏移 0x419 处开始的字符，该字符在当前源字符集中无效(代码页 65001)。
  (编译源文件“Os1.cpp”)
  
C:\Users\10510\source\repos\Os1\Os1\Os1.h(1,1): warning C4828: 文件包含在偏移 0x41c 处开始的字符，该字符在当前源字符集中无效(代码页 65001)。
  (编译源文件“Os1.cpp”)
  
C:\Users\10510\source\repos\Os1\Os1\Os1.h(1,1): warning C4828: 文件包含在偏移 0x41e 处开始的字符，该字符在当前源字符集中无效(代码页 65001)。
  (编译源文件“Os1.cpp”)
  
C:\Users\10510\source\repos\Os1\Os1\Os1.h(1,1): warning C4828: 文件包含在偏移 0x41f 处开始的字符，该字符在当前源字符集中无效(代码页 65001)。
  (编译源文件“Os1.cpp”)
  
C:\Users\10510\source\repos\Os1\Os1\Os1.h(1,1): warning C4828: 文件包含在偏移 0x421 处开始的字符，该字符在当前源字符集中无效(代码页 65001)。
  (编译源文件“Os1.cpp”)
  
C:\Users\10510\source\repos\Os1\Os1\Os1.h(1,1): warning C4828: 文件包含在偏移 0x423 处开始的字符，该字符在当前源字符集中无效(代码页 65001)。
  (编译源文件“Os1.cpp”)
  
C:\Users\10510\source\repos\Os1\Os1\Os1.h(1,1): warning C4828: 文件包含在偏移 0x427 处开始的字符，该字符在当前源字符集中无效(代码页 65001)。
  (编译源文件“Os1.cpp”)
  
C:\Users\10510\source\repos\Os1\Os1\Os1.h(1,1): warning C4828: 文件包含在偏移 0x4d9 处开始的字符，该字符在当前源字符集中无效(代码页 65001)。
  (编译源文件“Os1.cpp”)
  
C:\Users\10510\source\repos\Os1\Os1\Os1.h(1,1): warning C4828: 文件包含在偏移 0x4dc 处开始的字符，该字符在当前源字符集中无效(代码页 65001)。
  (编译源文件“Os1.cpp”)
  
C:\Users\10510\source\repos\Os1\Os1\Os1.h(1,1): warning C4828: 文件包含在偏移 0x4dd 处开始的字符，该字符在当前源字符集中无效(代码页 65001)。
  (编译源文件“Os1.cpp”)
  
C:\Users\10510\source\repos\Os1\Os1\Os1.h(1,1): warning C4828: 文件包含在偏移 0x51c 处开始的字符，该字符在当前源字符集中无效(代码页 65001)。
  (编译源文件“Os1.cpp”)
  
C:\Users\10510\source\repos\Os1\Os1\Os1.h(1,1): warning C4828: 文件包含在偏移 0x51d 处开始的字符，该字符在当前源字符集中无效(代码页 65001)。
  (编译源文件“Os1.cpp”)
  
C:\Users\10510\source\repos\Os1\Os1\Os1.h(1,1): warning C4828: 文件包含在偏移 0x520 处开始的字符，该字符在当前源字符集中无效(代码页 65001)。
  (编译源文件“Os1.cpp”)
  
C:\Users\10510\source\repos\Os1\Os1\Os1.h(1,1): warning C4828: 文件包含在偏移 0x522 处开始的字符，该字符在当前源字符集中无效(代码页 65001)。
  (编译源文件“Os1.cpp”)
  
C:\Users\10510\source\repos\Os1\Os1\Os1.h(1,1): warning C4828: 文件包含在偏移 0x525 处开始的字符，该字符在当前源字符集中无效(代码页 65001)。
  (编译源文件“Os1.cpp”)
  
C:\Users\10510\source\repos\Os1\Os1\Os1.h(1,1): warning C4828: 文件包含在偏移 0x527 处开始的字符，该字符在当前源字符集中无效(代码页 65001)。
  (编译源文件“Os1.cpp”)
  
C:\Users\10510\source\repos\Os1\Os1\Os1.h(1,1): warning C4828: 文件包含在偏移 0x528 处开始的字符，该字符在当前源字符集中无效(代码页 65001)。
  (编译源文件“Os1.cpp”)
  
C:\Users\10510\source\repos\Os1\Os1\Os1.h(1,1): warning C4828: 文件包含在偏移 0x52c 处开始的字符，该字符在当前源字符集中无效(代码页 65001)。
  (编译源文件“Os1.cpp”)
  
C:\Users\10510\source\repos\Os1\Os1\Os1.h(1,1): warning C4828: 文件包含在偏移 0x52f 处开始的字符，该字符在当前源字符集中无效(代码页 65001)。
  (编译源文件“Os1.cpp”)
  
C:\Users\10510\source\repos\Os1\Os1\Os1.h(1,1): warning C4828: 文件包含在偏移 0x546 处开始的字符，该字符在当前源字符集中无效(代码页 65001)。
  (编译源文件“Os1.cpp”)
  
C:\Users\10510\source\repos\Os1\Os1\Os1.h(1,1): warning C4828: 文件包含在偏移 0x547 处开始的字符，该字符在当前源字符集中无效(代码页 65001)。
  (编译源文件“Os1.cpp”)
  
C:\Users\10510\source\repos\Os1\Os1\Os1.h(1,1): warning C4828: 文件包含在偏移 0x54a 处开始的字符，该字符在当前源字符集中无效(代码页 65001)。
  (编译源文件“Os1.cpp”)
  
C:\Users\10510\source\repos\Os1\Os1\Os1.h(1,1): warning C4828: 文件包含在偏移 0x54c 处开始的字符，该字符在当前源字符集中无效(代码页 65001)。
  (编译源文件“Os1.cpp”)
  
C:\Users\10510\source\repos\Os1\Os1\Os1.h(1,1): warning C4828: 文件包含在偏移 0x567 处开始的字符，该字符在当前源字符集中无效(代码页 65001)。
  (编译源文件“Os1.cpp”)
  
C:\Users\10510\source\repos\Os1\Os1\Os1.h(1,1): warning C4828: 文件包含在偏移 0x569 处开始的字符，该字符在当前源字符集中无效(代码页 65001)。
  (编译源文件“Os1.cpp”)
  
C:\Users\10510\source\repos\Os1\Os1\Os1.h(1,1): warning C4828: 文件包含在偏移 0x56c 处开始的字符，该字符在当前源字符集中无效(代码页 65001)。
  (编译源文件“Os1.cpp”)
  
C:\Users\10510\source\repos\Os1\Os1\Os1.h(1,1): warning C4828: 文件包含在偏移 0x570 处开始的字符，该字符在当前源字符集中无效(代码页 65001)。
  (编译源文件“Os1.cpp”)
  
C:\Users\10510\source\repos\Os1\Os1\Os1.h(1,1): warning C4828: 文件包含在偏移 0x573 处开始的字符，该字符在当前源字符集中无效(代码页 65001)。
  (编译源文件“Os1.cpp”)
  
C:\Users\10510\source\repos\Os1\Os1\Os1.h(1,1): warning C4828: 文件包含在偏移 0x576 处开始的字符，该字符在当前源字符集中无效(代码页 65001)。
  (编译源文件“Os1.cpp”)
  
C:\Users\10510\source\repos\Os1\Os1\Os1.h(1,1): warning C4828: 文件包含在偏移 0x579 处开始的字符，该字符在当前源字符集中无效(代码页 65001)。
  (编译源文件“Os1.cpp”)
  
C:\Users\10510\source\repos\Os1\Os1\Os1.h(1,1): warning C4828: 文件包含在偏移 0x57b 处开始的字符，该字符在当前源字符集中无效(代码页 65001)。
  (编译源文件“Os1.cpp”)
  
C:\Users\10510\source\repos\Os1\Os1\Os1.h(1,1): warning C4828: 文件包含在偏移 0x580 处开始的字符，该字符在当前源字符集中无效(代码页 65001)。
  (编译源文件“Os1.cpp”)
  
C:\Users\10510\source\repos\Os1\Os1\Os1.h(1,1): warning C4828: 文件包含在偏移 0x581 处开始的字符，该字符在当前源字符集中无效(代码页 65001)。
  (编译源文件“Os1.cpp”)
  
C:\Users\10510\source\repos\Os1\Os1\Os1.h(1,1): warning C4828: 文件包含在偏移 0x582 处开始的字符，该字符在当前源字符集中无效(代码页 65001)。
  (编译源文件“Os1.cpp”)
  
C:\Users\10510\source\repos\Os1\Os1\Os1.h(1,1): warning C4828: 文件包含在偏移 0x59a 处开始的字符，该字符在当前源字符集中无效(代码页 65001)。
  (编译源文件“Os1.cpp”)
  
C:\Users\10510\source\repos\Os1\Os1\Os1.h(1,1): warning C4828: 文件包含在偏移 0x59b 处开始的字符，该字符在当前源字符集中无效(代码页 65001)。
  (编译源文件“Os1.cpp”)
  
C:\Users\10510\source\repos\Os1\Os1\Os1.h(1,1): warning C4828: 文件包含在偏移 0x5a2 处开始的字符，该字符在当前源字符集中无效(代码页 65001)。
  (编译源文件“Os1.cpp”)
  
C:\Users\10510\source\repos\Os1\Os1\Os1.h(1,1): warning C4828: 文件包含在偏移 0x5a3 处开始的字符，该字符在当前源字符集中无效(代码页 65001)。
  (编译源文件“Os1.cpp”)
  
C:\Users\10510\source\repos\Os1\Os1\Os1.h(1,1): warning C4828: 文件包含在偏移 0x5a4 处开始的字符，该字符在当前源字符集中无效(代码页 65001)。
  (编译源文件“Os1.cpp”)
  
  Os1.vcxproj -> C:\Users\10510\source\repos\Os1\x64\Debug\Os1.exe
